# JRE version: OpenJDK Runtime Environment (17.0.6) (build 17.0.6+0-b2043.56-9586694)
# Java VM: OpenJDK 64-Bit Server VM (17.0.6+0-b2043.56-9586694, mixed mode, tiered, compressed oops, compressed class ptrs, g1 gc, windows-amd64)
GC Precious Log:
 CPUs: 4 total, 4 available
 Memory: 8075M
 Large Page Support: Disabled
 NUMA Support: Disabled
 Compressed Oops: Enabled (32-bit)
 Heap Region Size: 1M
 Heap Min Capacity: 8M
 Heap Initial Capacity: 128M
 Heap Max Capacity: 2G
 Pre-touch: Disabled
 Parallel Workers: 4
 Concurrent Workers: 1
 Concurrent Refinement Workers: 4
 Periodic GC: Disabled
Heap:
 garbage-first heap   total 406528K, used 225410K [0x0000000080000000, 0x0000000100000000)
  region size 1024K, 8 young (8192K), 8 survivors (8192K)
 Metaspace       used 146095K, committed 147264K, reserved 1179648K
  class space    used 19486K, committed 20032K, reserved 1048576K
GC Heap History (20 events):
Event: 419.669 GC heap after
{Heap after GC invocations=75 (full 0):
 garbage-first heap   total 312320K, used 196792K [0x0000000080000000, 0x0000000100000000)
  region size 1024K, 10 young (10240K), 10 survivors (10240K)
 Metaspace       used 114917K, committed 115840K, reserved 1155072K
  class space    used 15012K, committed 15424K, reserved 1048576K
}
Event: 424.247 GC heap before
{Heap before GC invocations=75 (full 0):
 garbage-first heap   total 312320K, used 255160K [0x0000000080000000, 0x0000000100000000)
  region size 1024K, 68 young (69632K), 10 survivors (10240K)
 Metaspace       used 116027K, committed 116992K, reserved 1155072K
  class space    used 15174K, committed 15616K, reserved 1048576K
}
Event: 424.316 GC heap after
{Heap after GC invocations=76 (full 0):
 garbage-first heap   total 312320K, used 202822K [0x0000000080000000, 0x0000000100000000)
  region size 1024K, 6 young (6144K), 6 survivors (6144K)
 Metaspace       used 116027K, committed 116992K, reserved 1155072K
  class space    used 15174K, committed 15616K, reserved 1048576K
}
Event: 427.944 GC heap before
{Heap before GC invocations=77 (full 0):
 garbage-first heap   total 368640K, used 255046K [0x0000000080000000, 0x0000000100000000)
  region size 1024K, 58 young (59392K), 6 survivors (6144K)
 Metaspace       used 120999K, committed 121984K, reserved 1155072K
  class space    used 15872K, committed 16320K, reserved 1048576K
}
Event: 427.979 GC heap after
{Heap after GC invocations=78 (full 0):
 garbage-first heap   total 368640K, used 208236K [0x0000000080000000, 0x0000000100000000)
  region size 1024K, 6 young (6144K), 6 survivors (6144K)
 Metaspace       used 120999K, committed 121984K, reserved 1155072K
  class space    used 15872K, committed 16320K, reserved 1048576K
}
Event: 428.694 GC heap before
{Heap before GC invocations=78 (full 0):
 garbage-first heap   total 368640K, used 221548K [0x0000000080000000, 0x0000000100000000)
  region size 1024K, 18 young (18432K), 6 survivors (6144K)
 Metaspace       used 123513K, committed 124544K, reserved 1163264K
  class space    used 16146K, committed 16640K, reserved 1048576K
}
Event: 428.740 GC heap after
{Heap after GC invocations=79 (full 0):
 garbage-first heap   total 368640K, used 210944K [0x0000000080000000, 0x0000000100000000)
  region size 1024K, 3 young (3072K), 3 survivors (3072K)
 Metaspace       used 123513K, committed 124544K, reserved 1163264K
  class space    used 16146K, committed 16640K, reserved 1048576K
}
Event: 436.360 GC heap before
{Heap before GC invocations=79 (full 0):
 garbage-first heap   total 368640K, used 299008K [0x0000000080000000, 0x0000000100000000)
  region size 1024K, 90 young (92160K), 3 survivors (3072K)
 Metaspace       used 126417K, committed 127360K, reserved 1163264K
  class space    used 16557K, committed 17024K, reserved 1048576K
}
Event: 436.380 GC heap after
{Heap after GC invocations=80 (full 0):
 garbage-first heap   total 368640K, used 216586K [0x0000000080000000, 0x0000000100000000)
  region size 1024K, 9 young (9216K), 9 survivors (9216K)
 Metaspace       used 126417K, committed 127360K, reserved 1163264K
  class space    used 16557K, committed 17024K, reserved 1048576K
}
Event: 441.074 GC heap before
{Heap before GC invocations=81 (full 0):
 garbage-first heap   total 373760K, used 298506K [0x0000000080000000, 0x0000000100000000)
  region size 1024K, 90 young (92160K), 9 survivors (9216K)
 Metaspace       used 142270K, committed 143296K, reserved 1179648K
  class space    used 18996K, committed 19456K, reserved 1048576K
}
Event: 441.114 GC heap after
{Heap after GC invocations=82 (full 0):
 garbage-first heap   total 373760K, used 220121K [0x0000000080000000, 0x0000000100000000)
  region size 1024K, 5 young (5120K), 5 survivors (5120K)
 Metaspace       used 142270K, committed 143296K, reserved 1179648K
  class space    used 18996K, committed 19456K, reserved 1048576K
}
Event: 441.684 GC heap before
{Heap before GC invocations=82 (full 0):
 garbage-first heap   total 373760K, used 232409K [0x0000000080000000, 0x0000000100000000)
  region size 1024K, 18 young (18432K), 5 survivors (5120K)
 Metaspace       used 143330K, committed 144384K, reserved 1179648K
  class space    used 19153K, committed 19648K, reserved 1048576K
}
Event: 441.742 GC heap after
{Heap after GC invocations=83 (full 0):
 garbage-first heap   total 373760K, used 220893K [0x0000000080000000, 0x0000000100000000)
  region size 1024K, 3 young (3072K), 3 survivors (3072K)
 Metaspace       used 143330K, committed 144384K, reserved 1179648K
  class space    used 19153K, committed 19648K, reserved 1048576K
}
Event: 443.178 GC heap before
{Heap before GC invocations=83 (full 0):
 garbage-first heap   total 373760K, used 232157K [0x0000000080000000, 0x0000000100000000)
  region size 1024K, 16 young (16384K), 3 survivors (3072K)
 Metaspace       used 144623K, committed 145664K, reserved 1179648K
  class space    used 19335K, committed 19840K, reserved 1048576K
}
Event: 443.185 GC heap after
{Heap after GC invocations=84 (full 0):
 garbage-first heap   total 373760K, used 222039K [0x0000000080000000, 0x0000000100000000)
  region size 1024K, 4 young (4096K), 4 survivors (4096K)
 Metaspace       used 144623K, committed 145664K, reserved 1179648K
  class space    used 19335K, committed 19840K, reserved 1048576K
}
Event: 688.872 GC heap before
{Heap before GC invocations=85 (full 0):
 garbage-first heap   total 406528K, used 326487K [0x0000000080000000, 0x0000000100000000)
  region size 1024K, 80 young (81920K), 4 survivors (4096K)
 Metaspace       used 145785K, committed 146880K, reserved 1179648K
  class space    used 19461K, committed 19968K, reserved 1048576K
}
Event: 688.986 GC heap after
{Heap after GC invocations=86 (full 0):
 garbage-first heap   total 406528K, used 222488K [0x0000000080000000, 0x0000000100000000)
  region size 1024K, 4 young (4096K), 4 survivors (4096K)
 Metaspace       used 145785K, committed 146880K, reserved 1179648K
  class space    used 19461K, committed 19968K, reserved 1048576K
}
Event: 689.441 GC heap before
{Heap before GC invocations=86 (full 0):
 garbage-first heap   total 406528K, used 236824K [0x0000000080000000, 0x0000000100000000)
  region size 1024K, 19 young (19456K), 4 survivors (4096K)
 Metaspace       used 145801K, committed 146880K, reserved 1179648K
  class space    used 19461K, committed 19968K, reserved 1048576K
}
Event: 689.523 GC heap after
{Heap after GC invocations=87 (full 0):
 garbage-first heap   total 406528K, used 219932K [0x0000000080000000, 0x0000000100000000)
  region size 1024K, 3 young (3072K), 3 survivors (3072K)
 Metaspace       used 145801K, committed 146880K, reserved 1179648K
  class space    used 19461K, committed 19968K, reserved 1048576K
}
Event: 694.489 GC heap before
{Heap before GC invocations=87 (full 0):
 garbage-first heap   total 406528K, used 257820K [0x0000000080000000, 0x0000000100000000)
  region size 1024K, 42 young (43008K), 3 survivors (3072K)
 Metaspace       used 146095K, committed 147264K, reserved 1179648K
  class space    used 19486K, committed 20032K, reserved 1048576K
}

